# JRE version: OpenJDK Runtime Environment (11.0.8+10) (build 11.0.8+10-b944.6842174)
# Java VM: OpenJDK 64-Bit Server VM (11.0.8+10-b944.6842174, mixed mode, tiered, compressed oops, g1 gc, windows-amd64)
Heap:
 garbage-first heap   total 206848K, used 161792K [0x0000000080000000, 0x0000000100000000)
  region size 1024K, 26 young (26624K), 4 survivors (4096K)
 Metaspace       used 94016K, capacity 96180K, committed 96460K, reserved 1132544K
  class space    used 11907K, capacity 12632K, committed 12748K, reserved 1048576K
GC Heap History (20 events):
Event: 35.642 GC heap after
{Heap after GC invocations=26 (full 0):
 garbage-first heap   total 172032K, used 69859K [0x0000000080000000, 0x0000000100000000)
  region size 1024K, 1 young (1024K), 1 survivors (1024K)
 Metaspace       used 83735K, capacity 85612K, committed 85708K, reserved 1124352K
  class space    used 10512K, capacity 11165K, committed 11212K, reserved 1048576K
}
Event: 37.537 GC heap before
{Heap before GC invocations=26 (full 0):
 garbage-first heap   total 172032K, used 133347K [0x0000000080000000, 0x0000000100000000)
  region size 1024K, 63 young (64512K), 1 survivors (1024K)
 Metaspace       used 87594K, capacity 89666K, committed 89804K, reserved 1128448K
  class space    used 10979K, capacity 11670K, committed 11724K, reserved 1048576K
}
Event: 37.547 GC heap after
{Heap after GC invocations=27 (full 0):
 garbage-first heap   total 172032K, used 72623K [0x0000000080000000, 0x0000000100000000)
  region size 1024K, 4 young (4096K), 4 survivors (4096K)
 Metaspace       used 87594K, capacity 89666K, committed 89804K, reserved 1128448K
  class space    used 10979K, capacity 11670K, committed 11724K, reserved 1048576K
}
Event: 39.341 GC heap before
{Heap before GC invocations=27 (full 0):
 garbage-first heap   total 172032K, used 140207K [0x0000000080000000, 0x0000000100000000)
  region size 1024K, 66 young (67584K), 4 survivors (4096K)
 Metaspace       used 88935K, capacity 90924K, committed 90956K, reserved 1128448K
  class space    used 11133K, capacity 11843K, committed 11852K, reserved 1048576K
}
Event: 39.358 GC heap after
{Heap after GC invocations=28 (full 0):
 garbage-first heap   total 172032K, used 83745K [0x0000000080000000, 0x0000000100000000)
  region size 1024K, 9 young (9216K), 9 survivors (9216K)
 Metaspace       used 88935K, capacity 90924K, committed 90956K, reserved 1128448K
  class space    used 11133K, capacity 11843K, committed 11852K, reserved 1048576K
}
Event: 40.026 GC heap before
{Heap before GC invocations=28 (full 0):
 garbage-first heap   total 172032K, used 105249K [0x0000000080000000, 0x0000000100000000)
  region size 1024K, 29 young (29696K), 9 survivors (9216K)
 Metaspace       used 91039K, capacity 93077K, committed 93388K, reserved 1130496K
  class space    used 11440K, capacity 12170K, committed 12236K, reserved 1048576K
}
Event: 40.053 GC heap after
{Heap after GC invocations=29 (full 0):
 garbage-first heap   total 172032K, used 90912K [0x0000000080000000, 0x0000000100000000)
  region size 1024K, 5 young (5120K), 5 survivors (5120K)
 Metaspace       used 91039K, capacity 93077K, committed 93388K, reserved 1130496K
  class space    used 11440K, capacity 12170K, committed 12236K, reserved 1048576K
}
Event: 40.578 GC heap before
{Heap before GC invocations=30 (full 0):
 garbage-first heap   total 172032K, used 140064K [0x0000000080000000, 0x0000000100000000)
  region size 1024K, 44 young (45056K), 5 survivors (5120K)
 Metaspace       used 91428K, capacity 93509K, committed 93644K, reserved 1130496K
  class space    used 11489K, capacity 12204K, committed 12236K, reserved 1048576K
}
Event: 40.605 GC heap after
{Heap after GC invocations=31 (full 0):
 garbage-first heap   total 172032K, used 108061K [0x0000000080000000, 0x0000000100000000)
  region size 1024K, 6 young (6144K), 6 survivors (6144K)
 Metaspace       used 91428K, capacity 93509K, committed 93644K, reserved 1130496K
  class space    used 11489K, capacity 12204K, committed 12236K, reserved 1048576K
}
Event: 40.633 GC heap before
{Heap before GC invocations=31 (full 0):
 garbage-first heap   total 172032K, used 110109K [0x0000000080000000, 0x0000000100000000)
  region size 1024K, 8 young (8192K), 6 survivors (6144K)
 Metaspace       used 91429K, capacity 93509K, committed 93644K, reserved 1130496K
  class space    used 11489K, capacity 12204K, committed 12236K, reserved 1048576K
}
Event: 40.649 GC heap after
{Heap after GC invocations=32 (full 0):
 garbage-first heap   total 172032K, used 105579K [0x0000000080000000, 0x0000000100000000)
  region size 1024K, 1 young (1024K), 1 survivors (1024K)
 Metaspace       used 91429K, capacity 93509K, committed 93644K, reserved 1130496K
  class space    used 11489K, capacity 12204K, committed 12236K, reserved 1048576K
}
Event: 40.790 GC heap before
{Heap before GC invocations=32 (full 0):
 garbage-first heap   total 172032K, used 119915K [0x0000000080000000, 0x0000000100000000)
  region size 1024K, 16 young (16384K), 1 survivors (1024K)
 Metaspace       used 91430K, capacity 93509K, committed 93644K, reserved 1130496K
  class space    used 11489K, capacity 12204K, committed 12236K, reserved 1048576K
}
Event: 40.805 GC heap after
{Heap after GC invocations=33 (full 0):
 garbage-first heap   total 172032K, used 109817K [0x0000000080000000, 0x0000000100000000)
  region size 1024K, 4 young (4096K), 4 survivors (4096K)
 Metaspace       used 91430K, capacity 93509K, committed 93644K, reserved 1130496K
  class space    used 11489K, capacity 12204K, committed 12236K, reserved 1048576K
}
Event: 41.531 GC heap before
{Heap before GC invocations=34 (full 0):
 garbage-first heap   total 172032K, used 135417K [0x0000000080000000, 0x0000000100000000)
  region size 1024K, 28 young (28672K), 4 survivors (4096K)
 Metaspace       used 93385K, capacity 95514K, committed 95564K, reserved 1132544K
  class space    used 11845K, capacity 12588K, committed 12620K, reserved 1048576K
}
Event: 41.567 GC heap after
{Heap after GC invocations=35 (full 0):
 garbage-first heap   total 206848K, used 118174K [0x0000000080000000, 0x0000000100000000)
  region size 1024K, 4 young (4096K), 4 survivors (4096K)
 Metaspace       used 93385K, capacity 95514K, committed 95564K, reserved 1132544K
  class space    used 11845K, capacity 12588K, committed 12620K, reserved 1048576K
}
Event: 41.640 GC heap before
{Heap before GC invocations=35 (full 0):
 garbage-first heap   total 206848K, used 124318K [0x0000000080000000, 0x0000000100000000)
  region size 1024K, 10 young (10240K), 4 survivors (4096K)
 Metaspace       used 93404K, capacity 95581K, committed 95820K, reserved 1132544K
  class space    used 11845K, capacity 12588K, committed 12620K, reserved 1048576K
}
Event: 41.660 GC heap after
{Heap after GC invocations=36 (full 0):
 garbage-first heap   total 206848K, used 122138K [0x0000000080000000, 0x0000000100000000)
  region size 1024K, 2 young (2048K), 2 survivors (2048K)
 Metaspace       used 93404K, capacity 95581K, committed 95820K, reserved 1132544K
  class space    used 11845K, capacity 12588K, committed 12620K, reserved 1048576K
}
Event: 42.032 GC heap before
{Heap before GC invocations=36 (full 0):
 garbage-first heap   total 206848K, used 151834K [0x0000000080000000, 0x0000000100000000)
  region size 1024K, 32 young (32768K), 2 survivors (2048K)
 Metaspace       used 93555K, capacity 95723K, committed 95820K, reserved 1132544K
  class space    used 11845K, capacity 12588K, committed 12620K, reserved 1048576K
}
Event: 42.066 GC heap after
{Heap after GC invocations=37 (full 0):
 garbage-first heap   total 206848K, used 139264K [0x0000000080000000, 0x0000000100000000)
  region size 1024K, 4 young (4096K), 4 survivors (4096K)
 Metaspace       used 93555K, capacity 95723K, committed 95820K, reserved 1132544K
  class space    used 11845K, capacity 12588K, committed 12620K, reserved 1048576K
}
Event: 42.666 GC heap before
{Heap before GC invocations=37 (full 0):
 garbage-first heap   total 206848K, used 161792K [0x0000000080000000, 0x0000000100000000)
  region size 1024K, 26 young (26624K), 4 survivors (4096K)
 Metaspace       used 94016K, capacity 96180K, committed 96460K, reserved 1132544K
  class space    used 11907K, capacity 12632K, committed 12748K, reserved 1048576K
}

