# JRE version: OpenJDK Runtime Environment (11.0.8+10) (build 11.0.8+10-b944.6842174)
# Java VM: OpenJDK 64-Bit Server VM (11.0.8+10-b944.6842174, mixed mode, tiered, compressed oops, g1 gc, windows-amd64)
Heap:
 garbage-first heap   total 206848K, used 144629K [0x0000000080000000, 0x0000000100000000)
  region size 1024K, 48 young (49152K), 2 survivors (2048K)
 Metaspace       used 112190K, capacity 115017K, committed 115276K, reserved 1148928K
  class space    used 13903K, capacity 14906K, committed 14924K, reserved 1048576K
GC Heap History (20 events):
Event: 107.330 GC heap before
{Heap before GC invocations=25 (full 0):
 garbage-first heap   total 206848K, used 157442K [0x0000000080000000, 0x0000000100000000)
  region size 1024K, 67 young (68608K), 6 survivors (6144K)
 Metaspace       used 96015K, capacity 98162K, committed 98380K, reserved 1134592K
  class space    used 12037K, capacity 12767K, committed 12876K, reserved 1048576K
}
Event: 107.355 GC heap after
{Heap after GC invocations=26 (full 0):
 garbage-first heap   total 206848K, used 105472K [0x0000000080000000, 0x0000000100000000)
  region size 1024K, 9 young (9216K), 9 survivors (9216K)
 Metaspace       used 96015K, capacity 98162K, committed 98380K, reserved 1134592K
  class space    used 12037K, capacity 12767K, committed 12876K, reserved 1048576K
}
Event: 109.568 GC heap before
{Heap before GC invocations=26 (full 0):
 garbage-first heap   total 206848K, used 158720K [0x0000000080000000, 0x0000000100000000)
  region size 1024K, 62 young (63488K), 9 survivors (9216K)
 Metaspace       used 98545K, capacity 100813K, committed 101068K, reserved 1136640K
  class space    used 12235K, capacity 12999K, committed 13004K, reserved 1048576K
}
Event: 109.689 GC heap after
{Heap after GC invocations=27 (full 0):
 garbage-first heap   total 206848K, used 115993K [0x0000000080000000, 0x0000000100000000)
  region size 1024K, 8 young (8192K), 8 survivors (8192K)
 Metaspace       used 98545K, capacity 100813K, committed 101068K, reserved 1136640K
  class space    used 12235K, capacity 12999K, committed 13004K, reserved 1048576K
}
Event: 111.498 GC heap before
{Heap before GC invocations=28 (full 0):
 garbage-first heap   total 206848K, used 154905K [0x0000000080000000, 0x0000000100000000)
  region size 1024K, 53 young (54272K), 8 survivors (8192K)
 Metaspace       used 99096K, capacity 101352K, committed 101580K, reserved 1138688K
  class space    used 12216K, capacity 12955K, committed 13004K, reserved 1048576K
}
Event: 111.523 GC heap after
{Heap after GC invocations=29 (full 0):
 garbage-first heap   total 206848K, used 111448K [0x0000000080000000, 0x0000000100000000)
  region size 1024K, 3 young (3072K), 3 survivors (3072K)
 Metaspace       used 99096K, capacity 101352K, committed 101580K, reserved 1138688K
  class space    used 12216K, capacity 12955K, committed 13004K, reserved 1048576K
}
Event: 111.620 GC heap before
{Heap before GC invocations=29 (full 0):
 garbage-first heap   total 206848K, used 118616K [0x0000000080000000, 0x0000000100000000)
  region size 1024K, 10 young (10240K), 3 survivors (3072K)
 Metaspace       used 99121K, capacity 101354K, committed 101580K, reserved 1138688K
  class space    used 12216K, capacity 12955K, committed 13004K, reserved 1048576K
}
Event: 111.634 GC heap after
{Heap after GC invocations=30 (full 0):
 garbage-first heap   total 206848K, used 105961K [0x0000000080000000, 0x0000000100000000)
  region size 1024K, 1 young (1024K), 1 survivors (1024K)
 Metaspace       used 99121K, capacity 101354K, committed 101580K, reserved 1138688K
  class space    used 12216K, capacity 12955K, committed 13004K, reserved 1048576K
}
Event: 112.722 GC heap before
{Heap before GC invocations=30 (full 0):
 garbage-first heap   total 206848K, used 147945K [0x0000000080000000, 0x0000000100000000)
  region size 1024K, 44 young (45056K), 1 survivors (1024K)
 Metaspace       used 99483K, capacity 101784K, committed 101964K, reserved 1138688K
  class space    used 12249K, capacity 13033K, committed 13132K, reserved 1048576K
}
Event: 112.730 GC heap after
{Heap after GC invocations=31 (full 0):
 garbage-first heap   total 206848K, used 107034K [0x0000000080000000, 0x0000000100000000)
  region size 1024K, 2 young (2048K), 2 survivors (2048K)
 Metaspace       used 99483K, capacity 101784K, committed 101964K, reserved 1138688K
  class space    used 12249K, capacity 13033K, committed 13132K, reserved 1048576K
}
Event: 114.349 GC heap before
{Heap before GC invocations=32 (full 0):
 garbage-first heap   total 206848K, used 162330K [0x0000000080000000, 0x0000000100000000)
  region size 1024K, 54 young (55296K), 2 survivors (2048K)
 Metaspace       used 104490K, capacity 106897K, committed 107084K, reserved 1142784K
  class space    used 12945K, capacity 13771K, committed 13900K, reserved 1048576K
}
Event: 114.374 GC heap after
{Heap after GC invocations=33 (full 0):
 garbage-first heap   total 206848K, used 115046K [0x0000000080000000, 0x0000000100000000)
  region size 1024K, 7 young (7168K), 7 survivors (7168K)
 Metaspace       used 104490K, capacity 106897K, committed 107084K, reserved 1142784K
  class space    used 12945K, capacity 13771K, committed 13900K, reserved 1048576K
}
Event: 114.489 GC heap before
{Heap before GC invocations=33 (full 0):
 garbage-first heap   total 206848K, used 118118K [0x0000000080000000, 0x0000000100000000)
  region size 1024K, 10 young (10240K), 7 survivors (7168K)
 Metaspace       used 105120K, capacity 107606K, committed 107724K, reserved 1142784K
  class space    used 13050K, capacity 13930K, committed 14028K, reserved 1048576K
}
Event: 114.519 GC heap after
{Heap after GC invocations=34 (full 0):
 garbage-first heap   total 206848K, used 110327K [0x0000000080000000, 0x0000000100000000)
  region size 1024K, 1 young (1024K), 1 survivors (1024K)
 Metaspace       used 105120K, capacity 107606K, committed 107724K, reserved 1142784K
  class space    used 13050K, capacity 13930K, committed 14028K, reserved 1048576K
}
Event: 116.020 GC heap before
{Heap before GC invocations=34 (full 0):
 garbage-first heap   total 206848K, used 161527K [0x0000000080000000, 0x0000000100000000)
  region size 1024K, 51 young (52224K), 1 survivors (1024K)
 Metaspace       used 109341K, capacity 112041K, committed 112204K, reserved 1146880K
  class space    used 13629K, capacity 14575K, committed 14668K, reserved 1048576K
}
Event: 116.030 GC heap after
{Heap after GC invocations=35 (full 0):
 garbage-first heap   total 206848K, used 111066K [0x0000000080000000, 0x0000000100000000)
  region size 1024K, 2 young (2048K), 2 survivors (2048K)
 Metaspace       used 109341K, capacity 112041K, committed 112204K, reserved 1146880K
  class space    used 13629K, capacity 14575K, committed 14668K, reserved 1048576K
}
Event: 117.520 GC heap before
{Heap before GC invocations=36 (full 0):
 garbage-first heap   total 206848K, used 163290K [0x0000000080000000, 0x0000000100000000)
  region size 1024K, 54 young (55296K), 2 survivors (2048K)
 Metaspace       used 110740K, capacity 113366K, committed 113612K, reserved 1148928K
  class space    used 13741K, capacity 14680K, committed 14796K, reserved 1048576K
}
Event: 117.534 GC heap after
{Heap after GC invocations=37 (full 0):
 garbage-first heap   total 206848K, used 112394K [0x0000000080000000, 0x0000000100000000)
  region size 1024K, 4 young (4096K), 4 survivors (4096K)
 Metaspace       used 110740K, capacity 113366K, committed 113612K, reserved 1148928K
  class space    used 13741K, capacity 14680K, committed 14796K, reserved 1048576K
}
Event: 117.670 GC heap before
{Heap before GC invocations=37 (full 0):
 garbage-first heap   total 206848K, used 118538K [0x0000000080000000, 0x0000000100000000)
  region size 1024K, 10 young (10240K), 4 survivors (4096K)
 Metaspace       used 110934K, capacity 113691K, committed 113868K, reserved 1148928K
  class space    used 13763K, capacity 14765K, committed 14796K, reserved 1048576K
}
Event: 117.682 GC heap after
{Heap after GC invocations=38 (full 0):
 garbage-first heap   total 206848K, used 98549K [0x0000000080000000, 0x0000000100000000)
  region size 1024K, 2 young (2048K), 2 survivors (2048K)
 Metaspace       used 110934K, capacity 113691K, committed 113868K, reserved 1148928K
  class space    used 13763K, capacity 14765K, committed 14796K, reserved 1048576K
}

