# JRE version: OpenJDK Runtime Environment (11.0.8+10) (build 11.0.8+10-b944.6842174)
# Java VM: OpenJDK 64-Bit Server VM (11.0.8+10-b944.6842174, mixed mode, tiered, compressed oops, g1 gc, windows-amd64)
Heap:
 garbage-first heap   total 210944K, used 144115K [0x0000000080000000, 0x0000000100000000)
  region size 1024K, 5 young (5120K), 2 survivors (2048K)
 Metaspace       used 94713K, capacity 96949K, committed 97100K, reserved 1134592K
  class space    used 11997K, capacity 12779K, committed 12876K, reserved 1048576K
GC Heap History (20 events):
Event: 48.782 GC heap after
{Heap after GC invocations=46 (full 0):
 garbage-first heap   total 175104K, used 70633K [0x0000000080000000, 0x0000000100000000)
  region size 1024K, 1 young (1024K), 1 survivors (1024K)
 Metaspace       used 82784K, capacity 84740K, committed 84940K, reserved 1122304K
  class space    used 10410K, capacity 11093K, committed 11212K, reserved 1048576K
}
Event: 50.723 GC heap before
{Heap before GC invocations=46 (full 0):
 garbage-first heap   total 175104K, used 111593K [0x0000000080000000, 0x0000000100000000)
  region size 1024K, 42 young (43008K), 1 survivors (1024K)
 Metaspace       used 83762K, capacity 85650K, committed 85708K, reserved 1124352K
  class space    used 10516K, capacity 11198K, committed 11212K, reserved 1048576K
}
Event: 50.729 GC heap after
{Heap after GC invocations=47 (full 0):
 garbage-first heap   total 175104K, used 71627K [0x0000000080000000, 0x0000000100000000)
  region size 1024K, 2 young (2048K), 2 survivors (2048K)
 Metaspace       used 83762K, capacity 85650K, committed 85708K, reserved 1124352K
  class space    used 10516K, capacity 11198K, committed 11212K, reserved 1048576K
}
Event: 52.067 GC heap before
{Heap before GC invocations=47 (full 0):
 garbage-first heap   total 175104K, used 116683K [0x0000000080000000, 0x0000000100000000)
  region size 1024K, 47 young (48128K), 2 survivors (2048K)
 Metaspace       used 86845K, capacity 88812K, committed 89036K, reserved 1126400K
  class space    used 10904K, capacity 11589K, committed 11724K, reserved 1048576K
}
Event: 52.076 GC heap after
{Heap after GC invocations=48 (full 0):
 garbage-first heap   total 175104K, used 73061K [0x0000000080000000, 0x0000000100000000)
  region size 1024K, 3 young (3072K), 3 survivors (3072K)
 Metaspace       used 86845K, capacity 88812K, committed 89036K, reserved 1126400K
  class space    used 10904K, capacity 11589K, committed 11724K, reserved 1048576K
}
Event: 53.605 GC heap before
{Heap before GC invocations=48 (full 0):
 garbage-first heap   total 175104K, used 121189K [0x0000000080000000, 0x0000000100000000)
  region size 1024K, 51 young (52224K), 3 survivors (3072K)
 Metaspace       used 88485K, capacity 90505K, committed 90700K, reserved 1128448K
  class space    used 11099K, capacity 11772K, committed 11852K, reserved 1048576K
}
Event: 53.621 GC heap after
{Heap after GC invocations=49 (full 0):
 garbage-first heap   total 175104K, used 76402K [0x0000000080000000, 0x0000000100000000)
  region size 1024K, 6 young (6144K), 6 survivors (6144K)
 Metaspace       used 88485K, capacity 90505K, committed 90700K, reserved 1128448K
  class space    used 11099K, capacity 11772K, committed 11852K, reserved 1048576K
}
Event: 55.328 GC heap before
{Heap before GC invocations=49 (full 0):
 garbage-first heap   total 175104K, used 125554K [0x0000000080000000, 0x0000000100000000)
  region size 1024K, 55 young (56320K), 6 survivors (6144K)
 Metaspace       used 89383K, capacity 91395K, committed 91596K, reserved 1128448K
  class space    used 11166K, capacity 11880K, committed 11980K, reserved 1048576K
}
Event: 55.353 GC heap after
{Heap after GC invocations=50 (full 0):
 garbage-first heap   total 175104K, used 80594K [0x0000000080000000, 0x0000000100000000)
  region size 1024K, 7 young (7168K), 7 survivors (7168K)
 Metaspace       used 89383K, capacity 91395K, committed 91596K, reserved 1128448K
  class space    used 11166K, capacity 11880K, committed 11980K, reserved 1048576K
}
Event: 56.875 GC heap before
{Heap before GC invocations=50 (full 0):
 garbage-first heap   total 175104K, used 130770K [0x0000000080000000, 0x0000000100000000)
  region size 1024K, 53 young (54272K), 7 survivors (7168K)
 Metaspace       used 89744K, capacity 91823K, committed 92108K, reserved 1130496K
  class space    used 11208K, capacity 11933K, committed 11980K, reserved 1048576K
}
Event: 56.909 GC heap after
{Heap after GC invocations=51 (full 0):
 garbage-first heap   total 175104K, used 93010K [0x0000000080000000, 0x0000000100000000)
  region size 1024K, 7 young (7168K), 7 survivors (7168K)
 Metaspace       used 89744K, capacity 91823K, committed 92108K, reserved 1130496K
  class space    used 11208K, capacity 11933K, committed 11980K, reserved 1048576K
}
Event: 59.094 GC heap before
{Heap before GC invocations=52 (full 0):
 garbage-first heap   total 175104K, used 148306K [0x0000000080000000, 0x0000000100000000)
  region size 1024K, 49 young (50176K), 7 survivors (7168K)
 Metaspace       used 92567K, capacity 94712K, committed 94924K, reserved 1132544K
  class space    used 11634K, capacity 12388K, committed 12492K, reserved 1048576K
}
Event: 59.116 GC heap after
{Heap after GC invocations=53 (full 0):
 garbage-first heap   total 210944K, used 108100K [0x0000000080000000, 0x0000000100000000)
  region size 1024K, 7 young (7168K), 7 survivors (7168K)
 Metaspace       used 92567K, capacity 94712K, committed 94924K, reserved 1132544K
  class space    used 11634K, capacity 12388K, committed 12492K, reserved 1048576K
}
Event: 59.152 GC heap before
{Heap before GC invocations=53 (full 0):
 garbage-first heap   total 210944K, used 111172K [0x0000000080000000, 0x0000000100000000)
  region size 1024K, 10 young (10240K), 7 survivors (7168K)
 Metaspace       used 92585K, capacity 94713K, committed 94924K, reserved 1132544K
  class space    used 11634K, capacity 12388K, committed 12492K, reserved 1048576K
}
Event: 59.162 GC heap after
{Heap after GC invocations=54 (full 0):
 garbage-first heap   total 210944K, used 105662K [0x0000000080000000, 0x0000000100000000)
  region size 1024K, 1 young (1024K), 1 survivors (1024K)
 Metaspace       used 92585K, capacity 94713K, committed 94924K, reserved 1132544K
  class space    used 11634K, capacity 12388K, committed 12492K, reserved 1048576K
}
Event: 59.919 GC heap before
{Heap before GC invocations=54 (full 0):
 garbage-first heap   total 210944K, used 157886K [0x0000000080000000, 0x0000000100000000)
  region size 1024K, 50 young (51200K), 1 survivors (1024K)
 Metaspace       used 92867K, capacity 95091K, committed 95180K, reserved 1132544K
  class space    used 11665K, capacity 12443K, committed 12492K, reserved 1048576K
}
Event: 59.963 GC heap after
{Heap after GC invocations=55 (full 0):
 garbage-first heap   total 210944K, used 119794K [0x0000000080000000, 0x0000000100000000)
  region size 1024K, 7 young (7168K), 7 survivors (7168K)
 Metaspace       used 92867K, capacity 95091K, committed 95180K, reserved 1132544K
  class space    used 11665K, capacity 12443K, committed 12492K, reserved 1048576K
}
Event: 61.263 GC heap before
{Heap before GC invocations=56 (full 0):
 garbage-first heap   total 210944K, used 161778K [0x0000000080000000, 0x0000000100000000)
  region size 1024K, 49 young (50176K), 7 survivors (7168K)
 Metaspace       used 94712K, capacity 96949K, committed 97100K, reserved 1134592K
  class space    used 11997K, capacity 12779K, committed 12876K, reserved 1048576K
}
Event: 61.369 GC heap after
{Heap after GC invocations=57 (full 0):
 garbage-first heap   total 210944K, used 141043K [0x0000000080000000, 0x0000000100000000)
  region size 1024K, 7 young (7168K), 7 survivors (7168K)
 Metaspace       used 94712K, capacity 96949K, committed 97100K, reserved 1134592K
  class space    used 11997K, capacity 12779K, committed 12876K, reserved 1048576K
}
Event: 61.476 GC heap before
{Heap before GC invocations=57 (full 0):
 garbage-first heap   total 210944K, used 144115K [0x0000000080000000, 0x0000000100000000)
  region size 1024K, 10 young (10240K), 7 survivors (7168K)
 Metaspace       used 94713K, capacity 96949K, committed 97100K, reserved 1134592K
  class space    used 11997K, capacity 12779K, committed 12876K, reserved 1048576K
}

