# JRE version: OpenJDK Runtime Environment (11.0.8+10) (build 11.0.8+10-b944.6842174)
# Java VM: OpenJDK 64-Bit Server VM (11.0.8+10-b944.6842174, mixed mode, tiered, compressed oops, g1 gc, windows-amd64)
Heap:
 garbage-first heap   total 172032K, used 112051K [0x0000000080000000, 0x0000000100000000)
  region size 1024K, 10 young (10240K), 3 survivors (3072K)
 Metaspace       used 105274K, capacity 107648K, committed 107724K, reserved 1142784K
  class space    used 12720K, capacity 13555K, committed 13568K, reserved 1048576K
GC Heap History (20 events):
Event: 399.455 GC heap before
{Heap before GC invocations=34 (full 0):
 garbage-first heap   total 172032K, used 117786K [0x0000000080000000, 0x0000000100000000)
  region size 1024K, 41 young (41984K), 1 survivors (1024K)
 Metaspace       used 93668K, capacity 95864K, committed 96076K, reserved 1132544K
  class space    used 11525K, capacity 12293K, committed 12416K, reserved 1048576K
}
Event: 399.474 GC heap after
{Heap after GC invocations=35 (full 0):
 garbage-first heap   total 172032K, used 82981K [0x0000000080000000, 0x0000000100000000)
  region size 1024K, 6 young (6144K), 6 survivors (6144K)
 Metaspace       used 93668K, capacity 95864K, committed 96076K, reserved 1132544K
  class space    used 11525K, capacity 12293K, committed 12416K, reserved 1048576K
}
Event: 400.095 GC heap before
{Heap before GC invocations=36 (full 0):
 garbage-first heap   total 172032K, used 122428K [0x0000000080000000, 0x0000000100000000)
  region size 1024K, 46 young (47104K), 6 survivors (6144K)
 Metaspace       used 94038K, capacity 96350K, committed 96588K, reserved 1134592K
  class space    used 11551K, capacity 12327K, committed 12416K, reserved 1048576K
}
Event: 400.108 GC heap after
{Heap after GC invocations=37 (full 0):
 garbage-first heap   total 172032K, used 80875K [0x0000000080000000, 0x0000000100000000)
  region size 1024K, 1 young (1024K), 1 survivors (1024K)
 Metaspace       used 94038K, capacity 96350K, committed 96588K, reserved 1134592K
  class space    used 11551K, capacity 12327K, committed 12416K, reserved 1048576K
}
Event: 400.203 GC heap before
{Heap before GC invocations=37 (full 0):
 garbage-first heap   total 172032K, used 87019K [0x0000000080000000, 0x0000000100000000)
  region size 1024K, 8 young (8192K), 1 survivors (1024K)
 Metaspace       used 94079K, capacity 96350K, committed 96588K, reserved 1134592K
  class space    used 11551K, capacity 12327K, committed 12416K, reserved 1048576K
}
Event: 400.215 GC heap after
{Heap after GC invocations=38 (full 0):
 garbage-first heap   total 172032K, used 77417K [0x0000000080000000, 0x0000000100000000)
  region size 1024K, 1 young (1024K), 1 survivors (1024K)
 Metaspace       used 94079K, capacity 96350K, committed 96588K, reserved 1134592K
  class space    used 11551K, capacity 12327K, committed 12416K, reserved 1048576K
}
Event: 403.300 GC heap before
{Heap before GC invocations=38 (full 0):
 garbage-first heap   total 172032K, used 123497K [0x0000000080000000, 0x0000000100000000)
  region size 1024K, 47 young (48128K), 1 survivors (1024K)
 Metaspace       used 99405K, capacity 101687K, committed 101836K, reserved 1138688K
  class space    used 12242K, capacity 13038K, committed 13056K, reserved 1048576K
}
Event: 403.314 GC heap after
{Heap after GC invocations=39 (full 0):
 garbage-first heap   total 172032K, used 82531K [0x0000000080000000, 0x0000000100000000)
  region size 1024K, 6 young (6144K), 6 survivors (6144K)
 Metaspace       used 99405K, capacity 101687K, committed 101836K, reserved 1138688K
  class space    used 12242K, capacity 13038K, committed 13056K, reserved 1048576K
}
Event: 404.274 GC heap before
{Heap before GC invocations=39 (full 0):
 garbage-first heap   total 172032K, used 101987K [0x0000000080000000, 0x0000000100000000)
  region size 1024K, 27 young (27648K), 6 survivors (6144K)
 Metaspace       used 101568K, capacity 103842K, committed 104140K, reserved 1140736K
  class space    used 12467K, capacity 13268K, committed 13312K, reserved 1048576K
}
Event: 404.309 GC heap after
{Heap after GC invocations=40 (full 0):
 garbage-first heap   total 172032K, used 87886K [0x0000000080000000, 0x0000000100000000)
  region size 1024K, 6 young (6144K), 6 survivors (6144K)
 Metaspace       used 101568K, capacity 103842K, committed 104140K, reserved 1140736K
  class space    used 12467K, capacity 13268K, committed 13312K, reserved 1048576K
}
Event: 407.803 GC heap before
{Heap before GC invocations=41 (full 0):
 garbage-first heap   total 172032K, used 128846K [0x0000000080000000, 0x0000000100000000)
  region size 1024K, 44 young (45056K), 6 survivors (6144K)
 Metaspace       used 102536K, capacity 104814K, committed 105036K, reserved 1140736K
  class space    used 12531K, capacity 13330K, committed 13440K, reserved 1048576K
}
Event: 407.830 GC heap after
{Heap after GC invocations=42 (full 0):
 garbage-first heap   total 172032K, used 99328K [0x0000000080000000, 0x0000000100000000)
  region size 1024K, 6 young (6144K), 6 survivors (6144K)
 Metaspace       used 102536K, capacity 104814K, committed 105036K, reserved 1140736K
  class space    used 12531K, capacity 13330K, committed 13440K, reserved 1048576K
}
Event: 407.874 GC heap before
{Heap before GC invocations=42 (full 0):
 garbage-first heap   total 172032K, used 101376K [0x0000000080000000, 0x0000000100000000)
  region size 1024K, 8 young (8192K), 6 survivors (6144K)
 Metaspace       used 102543K, capacity 104878K, committed 105036K, reserved 1140736K
  class space    used 12531K, capacity 13330K, committed 13440K, reserved 1048576K
}
Event: 407.896 GC heap after
{Heap after GC invocations=43 (full 0):
 garbage-first heap   total 172032K, used 100003K [0x0000000080000000, 0x0000000100000000)
  region size 1024K, 1 young (1024K), 1 survivors (1024K)
 Metaspace       used 102543K, capacity 104878K, committed 105036K, reserved 1140736K
  class space    used 12531K, capacity 13330K, committed 13440K, reserved 1048576K
}
Event: 409.126 GC heap before
{Heap before GC invocations=43 (full 0):
 garbage-first heap   total 172032K, used 132771K [0x0000000080000000, 0x0000000100000000)
  region size 1024K, 33 young (33792K), 1 survivors (1024K)
 Metaspace       used 104590K, capacity 106978K, committed 107212K, reserved 1142784K
  class space    used 12713K, capacity 13552K, committed 13568K, reserved 1048576K
}
Event: 409.143 GC heap after
{Heap after GC invocations=44 (full 0):
 garbage-first heap   total 172032K, used 103695K [0x0000000080000000, 0x0000000100000000)
  region size 1024K, 5 young (5120K), 5 survivors (5120K)
 Metaspace       used 104590K, capacity 106978K, committed 107212K, reserved 1142784K
  class space    used 12713K, capacity 13552K, committed 13568K, reserved 1048576K
}
Event: 410.192 GC heap before
{Heap before GC invocations=44 (full 0):
 garbage-first heap   total 172032K, used 135439K [0x0000000080000000, 0x0000000100000000)
  region size 1024K, 36 young (36864K), 5 survivors (5120K)
 Metaspace       used 105128K, capacity 107515K, committed 107724K, reserved 1142784K
  class space    used 12720K, capacity 13555K, committed 13568K, reserved 1048576K
}
Event: 410.210 GC heap after
{Heap after GC invocations=45 (full 0):
 garbage-first heap   total 172032K, used 104905K [0x0000000080000000, 0x0000000100000000)
  region size 1024K, 2 young (2048K), 2 survivors (2048K)
 Metaspace       used 105128K, capacity 107515K, committed 107724K, reserved 1142784K
  class space    used 12720K, capacity 13555K, committed 13568K, reserved 1048576K
}
Event: 410.786 GC heap before
{Heap before GC invocations=45 (full 0):
 garbage-first heap   total 172032K, used 136649K [0x0000000080000000, 0x0000000100000000)
  region size 1024K, 33 young (33792K), 2 survivors (2048K)
 Metaspace       used 105271K, capacity 107648K, committed 107724K, reserved 1142784K
  class space    used 12720K, capacity 13555K, committed 13568K, reserved 1048576K
}
Event: 410.797 GC heap after
{Heap after GC invocations=46 (full 0):
 garbage-first heap   total 172032K, used 105907K [0x0000000080000000, 0x0000000100000000)
  region size 1024K, 3 young (3072K), 3 survivors (3072K)
 Metaspace       used 105271K, capacity 107648K, committed 107724K, reserved 1142784K
  class space    used 12720K, capacity 13555K, committed 13568K, reserved 1048576K
}

