# JRE version: OpenJDK Runtime Environment (11.0.8+10) (build 11.0.8+10-b944.6842174)
# Java VM: OpenJDK 64-Bit Server VM (11.0.8+10-b944.6842174, mixed mode, tiered, compressed oops, g1 gc, windows-amd64)
Heap:
 garbage-first heap   total 178176K, used 144384K [0x0000000080000000, 0x0000000100000000)
  region size 1024K, 21 young (21504K), 4 survivors (4096K)
 Metaspace       used 95278K, capacity 97545K, committed 97612K, reserved 1134592K
  class space    used 12063K, capacity 12849K, committed 12876K, reserved 1048576K
GC Heap History (20 events):
Event: 83.760 GC heap before
{Heap before GC invocations=65 (full 0):
 garbage-first heap   total 178176K, used 121470K [0x0000000080000000, 0x0000000100000000)
  region size 1024K, 52 young (53248K), 2 survivors (2048K)
 Metaspace       used 87936K, capacity 89931K, committed 90060K, reserved 1128448K
  class space    used 11013K, capacity 11692K, committed 11724K, reserved 1048576K
}
Event: 83.772 GC heap after
{Heap after GC invocations=66 (full 0):
 garbage-first heap   total 178176K, used 74492K [0x0000000080000000, 0x0000000100000000)
  region size 1024K, 5 young (5120K), 5 survivors (5120K)
 Metaspace       used 87936K, capacity 89931K, committed 90060K, reserved 1128448K
  class space    used 11013K, capacity 11692K, committed 11724K, reserved 1048576K
}
Event: 85.996 GC heap before
{Heap before GC invocations=66 (full 0):
 garbage-first heap   total 178176K, used 126716K [0x0000000080000000, 0x0000000100000000)
  region size 1024K, 57 young (58368K), 5 survivors (5120K)
 Metaspace       used 88844K, capacity 90951K, committed 91212K, reserved 1128448K
  class space    used 11111K, capacity 11846K, committed 11852K, reserved 1048576K
}
Event: 86.012 GC heap after
{Heap after GC invocations=67 (full 0):
 garbage-first heap   total 178176K, used 79080K [0x0000000080000000, 0x0000000100000000)
  region size 1024K, 8 young (8192K), 8 survivors (8192K)
 Metaspace       used 88844K, capacity 90951K, committed 91212K, reserved 1128448K
  class space    used 11111K, capacity 11846K, committed 11852K, reserved 1048576K
}
Event: 87.578 GC heap before
{Heap before GC invocations=67 (full 0):
 garbage-first heap   total 178176K, used 131304K [0x0000000080000000, 0x0000000100000000)
  region size 1024K, 60 young (61440K), 8 survivors (8192K)
 Metaspace       used 89521K, capacity 91555K, committed 91852K, reserved 1128448K
  class space    used 11171K, capacity 11887K, committed 11980K, reserved 1048576K
}
Event: 87.599 GC heap after
{Heap after GC invocations=68 (full 0):
 garbage-first heap   total 178176K, used 84647K [0x0000000080000000, 0x0000000100000000)
  region size 1024K, 6 young (6144K), 6 survivors (6144K)
 Metaspace       used 89521K, capacity 91555K, committed 91852K, reserved 1128448K
  class space    used 11171K, capacity 11887K, committed 11980K, reserved 1048576K
}
Event: 88.089 GC heap before
{Heap before GC invocations=68 (full 0):
 garbage-first heap   total 178176K, used 94887K [0x0000000080000000, 0x0000000100000000)
  region size 1024K, 16 young (16384K), 6 survivors (6144K)
 Metaspace       used 89732K, capacity 91809K, committed 92108K, reserved 1130496K
  class space    used 11194K, capacity 11925K, committed 11980K, reserved 1048576K
}
Event: 88.099 GC heap after
{Heap after GC invocations=69 (full 0):
 garbage-first heap   total 178176K, used 87706K [0x0000000080000000, 0x0000000100000000)
  region size 1024K, 2 young (2048K), 2 survivors (2048K)
 Metaspace       used 89732K, capacity 91809K, committed 92108K, reserved 1130496K
  class space    used 11194K, capacity 11925K, committed 11980K, reserved 1048576K
}
Event: 90.753 GC heap before
{Heap before GC invocations=70 (full 0):
 garbage-first heap   total 178176K, used 143002K [0x0000000080000000, 0x0000000100000000)
  region size 1024K, 52 young (53248K), 2 survivors (2048K)
 Metaspace       used 91262K, capacity 93387K, committed 93644K, reserved 1130496K
  class space    used 11426K, capacity 12150K, committed 12236K, reserved 1048576K
}
Event: 90.770 GC heap after
{Heap after GC invocations=71 (full 0):
 garbage-first heap   total 178176K, used 94860K [0x0000000080000000, 0x0000000100000000)
  region size 1024K, 6 young (6144K), 6 survivors (6144K)
 Metaspace       used 91262K, capacity 93387K, committed 93644K, reserved 1130496K
  class space    used 11426K, capacity 12150K, committed 12236K, reserved 1048576K
}
Event: 91.299 GC heap before
{Heap before GC invocations=71 (full 0):
 garbage-first heap   total 178176K, used 95884K [0x0000000080000000, 0x0000000100000000)
  region size 1024K, 8 young (8192K), 6 survivors (6144K)
 Metaspace       used 91693K, capacity 93861K, committed 93900K, reserved 1130496K
  class space    used 11490K, capacity 12223K, committed 12236K, reserved 1048576K
}
Event: 91.304 GC heap after
{Heap after GC invocations=72 (full 0):
 garbage-first heap   total 178176K, used 90977K [0x0000000080000000, 0x0000000100000000)
  region size 1024K, 1 young (1024K), 1 survivors (1024K)
 Metaspace       used 91693K, capacity 93861K, committed 93900K, reserved 1130496K
  class space    used 11490K, capacity 12223K, committed 12236K, reserved 1048576K
}
Event: 94.322 GC heap before
{Heap before GC invocations=72 (full 0):
 garbage-first heap   total 178176K, used 99169K [0x0000000080000000, 0x0000000100000000)
  region size 1024K, 10 young (10240K), 1 survivors (1024K)
 Metaspace       used 92733K, capacity 94924K, committed 95180K, reserved 1132544K
  class space    used 11642K, capacity 12384K, committed 12492K, reserved 1048576K
}
Event: 94.326 GC heap after
{Heap after GC invocations=73 (full 0):
 garbage-first heap   total 178176K, used 91086K [0x0000000080000000, 0x0000000100000000)
  region size 1024K, 1 young (1024K), 1 survivors (1024K)
 Metaspace       used 92733K, capacity 94924K, committed 95180K, reserved 1132544K
  class space    used 11642K, capacity 12384K, committed 12492K, reserved 1048576K
}
Event: 98.432 GC heap before
{Heap before GC invocations=74 (full 0):
 garbage-first heap   total 178176K, used 150478K [0x0000000080000000, 0x0000000100000000)
  region size 1024K, 49 young (50176K), 1 survivors (1024K)
 Metaspace       used 94486K, capacity 96718K, committed 96844K, reserved 1132544K
  class space    used 11978K, capacity 12772K, committed 12876K, reserved 1048576K
}
Event: 98.471 GC heap after
{Heap after GC invocations=75 (full 0):
 garbage-first heap   total 178176K, used 113417K [0x0000000080000000, 0x0000000100000000)
  region size 1024K, 7 young (7168K), 7 survivors (7168K)
 Metaspace       used 94486K, capacity 96718K, committed 96844K, reserved 1132544K
  class space    used 11978K, capacity 12772K, committed 12876K, reserved 1048576K
}
Event: 99.140 GC heap before
{Heap before GC invocations=75 (full 0):
 garbage-first heap   total 178176K, used 114441K [0x0000000080000000, 0x0000000100000000)
  region size 1024K, 8 young (8192K), 7 survivors (7168K)
 Metaspace       used 94788K, capacity 97084K, committed 97356K, reserved 1134592K
  class space    used 12029K, capacity 12808K, committed 12876K, reserved 1048576K
}
Event: 99.172 GC heap after
{Heap after GC invocations=76 (full 0):
 garbage-first heap   total 178176K, used 109973K [0x0000000080000000, 0x0000000100000000)
  region size 1024K, 1 young (1024K), 1 survivors (1024K)
 Metaspace       used 94788K, capacity 97084K, committed 97356K, reserved 1134592K
  class space    used 12029K, capacity 12808K, committed 12876K, reserved 1048576K
}
Event: 99.596 GC heap before
{Heap before GC invocations=76 (full 0):
 garbage-first heap   total 178176K, used 141717K [0x0000000080000000, 0x0000000100000000)
  region size 1024K, 32 young (32768K), 1 survivors (1024K)
 Metaspace       used 95246K, capacity 97544K, committed 97612K, reserved 1134592K
  class space    used 12063K, capacity 12849K, committed 12876K, reserved 1048576K
}
Event: 99.627 GC heap after
{Heap after GC invocations=77 (full 0):
 garbage-first heap   total 178176K, used 126976K [0x0000000080000000, 0x0000000100000000)
  region size 1024K, 4 young (4096K), 4 survivors (4096K)
 Metaspace       used 95246K, capacity 97544K, committed 97612K, reserved 1134592K
  class space    used 12063K, capacity 12849K, committed 12876K, reserved 1048576K
}

